# JRE version: OpenJDK Runtime Environment (8.0_202-b03) (build 1.8.0_202-release-1483-b03)
# Java VM: OpenJDK 64-Bit Server VM (25.202-b03 mixed mode windows-amd64 compressed oops)
Heap:
 PSYoungGen      total 187392K, used 22647K [0x00000000e0000000, 0x00000000ed980000, 0x0000000100000000)
  eden space 166912K, 1% used [0x00000000e0000000,0x00000000e021e520,0x00000000ea300000)
  from space 20480K, 99% used [0x00000000ebc00000,0x00000000ecfff870,0x00000000ed000000)
  to   space 25600K, 0% used [0x00000000ea300000,0x00000000ea300000,0x00000000ebc00000)
 ParOldGen       total 255488K, used 37688K [0x00000000a0000000, 0x00000000af980000, 0x00000000e0000000)
  object space 255488K, 14% used [0x00000000a0000000,0x00000000a24ce0c0,0x00000000af980000)
 Metaspace       used 74617K, capacity 77422K, committed 77464K, reserved 1118208K
  class space    used 10060K, capacity 10642K, committed 10664K, reserved 1048576K
GC Heap History (10 events):
Event: 15.788 GC heap before
{Heap before GC invocations=11 (full 2):
 PSYoungGen      total 151040K, used 51398K [0x00000000e0000000, 0x00000000eae00000, 0x0000000100000000)
  eden space 135680K, 26% used [0x00000000e0000000,0x00000000e23374c0,0x00000000e8480000)
  from space 15360K, 99% used [0x00000000e9700000,0x00000000ea5fa3f0,0x00000000ea600000)
  to   space 18944K, 0% used [0x00000000e8480000,0x00000000e8480000,0x00000000e9700000)
 ParOldGen       total 172032K, used 23172K [0x00000000a0000000, 0x00000000aa800000, 0x00000000e0000000)
  object space 172032K, 13% used [0x00000000a0000000,0x00000000a16a12b0,0x00000000aa800000)
 Metaspace       used 57406K, capacity 59090K, committed 59160K, reserved 1099776K
  class space    used 7772K, capacity 8162K, committed 8232K, reserved 1048576K
Event: 15.801 GC heap after
Heap after GC invocations=11 (full 2):
 PSYoungGen      total 154624K, used 15292K [0x00000000e0000000, 0x00000000ec480000, 0x0000000100000000)
  eden space 135680K, 0% used [0x00000000e0000000,0x00000000e0000000,0x00000000e8480000)
  from space 18944K, 80% used [0x00000000e8480000,0x00000000e936f050,0x00000000e9700000)
  to   space 19456K, 0% used [0x00000000eb180000,0x00000000eb180000,0x00000000ec480000)
 ParOldGen       total 172032K, used 23180K [0x00000000a0000000, 0x00000000aa800000, 0x00000000e0000000)
  object space 172032K, 13% used [0x00000000a0000000,0x00000000a16a32b0,0x00000000aa800000)
 Metaspace       used 57406K, capacity 59090K, committed 59160K, reserved 1099776K
  class space    used 7772K, capacity 8162K, committed 8232K, reserved 1048576K
}
Event: 15.801 GC heap before
{Heap before GC invocations=12 (full 3):
 PSYoungGen      total 154624K, used 15292K [0x00000000e0000000, 0x00000000ec480000, 0x0000000100000000)
  eden space 135680K, 0% used [0x00000000e0000000,0x00000000e0000000,0x00000000e8480000)
  from space 18944K, 80% used [0x00000000e8480000,0x00000000e936f050,0x00000000e9700000)
  to   space 19456K, 0% used [0x00000000eb180000,0x00000000eb180000,0x00000000ec480000)
 ParOldGen       total 172032K, used 23180K [0x00000000a0000000, 0x00000000aa800000, 0x00000000e0000000)
  object space 172032K, 13% used [0x00000000a0000000,0x00000000a16a32b0,0x00000000aa800000)
 Metaspace       used 57406K, capacity 59090K, committed 59160K, reserved 1099776K
  class space    used 7772K, capacity 8162K, committed 8232K, reserved 1048576K
Event: 16.002 GC heap after
Heap after GC invocations=12 (full 3):
 PSYoungGen      total 154624K, used 0K [0x00000000e0000000, 0x00000000ec480000, 0x0000000100000000)
  eden space 135680K, 0% used [0x00000000e0000000,0x00000000e0000000,0x00000000e8480000)
  from space 18944K, 0% used [0x00000000e8480000,0x00000000e8480000,0x00000000e9700000)
  to   space 19456K, 0% used [0x00000000eb180000,0x00000000eb180000,0x00000000ec480000)
 ParOldGen       total 255488K, used 29977K [0x00000000a0000000, 0x00000000af980000, 0x00000000e0000000)
  object space 255488K, 11% used [0x00000000a0000000,0x00000000a1d46748,0x00000000af980000)
 Metaspace       used 57406K, capacity 59090K, committed 59160K, reserved 1099776K
  class space    used 7772K, capacity 8162K, committed 8232K, reserved 1048576K
}
Event: 18.825 GC heap before
{Heap before GC invocations=13 (full 3):
 PSYoungGen      total 154624K, used 135680K [0x00000000e0000000, 0x00000000ec480000, 0x0000000100000000)
  eden space 135680K, 100% used [0x00000000e0000000,0x00000000e8480000,0x00000000e8480000)
  from space 18944K, 0% used [0x00000000e8480000,0x00000000e8480000,0x00000000e9700000)
  to   space 19456K, 0% used [0x00000000eb180000,0x00000000eb180000,0x00000000ec480000)
 ParOldGen       total 255488K, used 29977K [0x00000000a0000000, 0x00000000af980000, 0x00000000e0000000)
  object space 255488K, 11% used [0x00000000a0000000,0x00000000a1d46748,0x00000000af980000)
 Metaspace       used 59931K, capacity 61904K, committed 62104K, reserved 1103872K
  class space    used 8111K, capacity 8535K, committed 8616K, reserved 1048576K
Event: 18.836 GC heap after
Heap after GC invocations=13 (full 3):
 PSYoungGen      total 165888K, used 11511K [0x00000000e0000000, 0x00000000ebd00000, 0x0000000100000000)
  eden space 154112K, 0% used [0x00000000e0000000,0x00000000e0000000,0x00000000e9680000)
  from space 11776K, 97% used [0x00000000eb180000,0x00000000ebcbdd88,0x00000000ebd00000)
  to   space 18944K, 0% used [0x00000000e9800000,0x00000000e9800000,0x00000000eaa80000)
 ParOldGen       total 255488K, used 29985K [0x00000000a0000000, 0x00000000af980000, 0x00000000e0000000)
  object space 255488K, 11% used [0x00000000a0000000,0x00000000a1d48748,0x00000000af980000)
 Metaspace       used 59931K, capacity 61904K, committed 62104K, reserved 1103872K
  class space    used 8111K, capacity 8535K, committed 8616K, reserved 1048576K
}
Event: 23.386 GC heap before
{Heap before GC invocations=14 (full 3):
 PSYoungGen      total 165888K, used 165623K [0x00000000e0000000, 0x00000000ebd00000, 0x0000000100000000)
  eden space 154112K, 100% used [0x00000000e0000000,0x00000000e9680000,0x00000000e9680000)
  from space 11776K, 97% used [0x00000000eb180000,0x00000000ebcbdd88,0x00000000ebd00000)
  to   space 18944K, 0% used [0x00000000e9800000,0x00000000e9800000,0x00000000eaa80000)
 ParOldGen       total 255488K, used 29985K [0x00000000a0000000, 0x00000000af980000, 0x00000000e0000000)
  object space 255488K, 11% used [0x00000000a0000000,0x00000000a1d48748,0x00000000af980000)
 Metaspace       used 66303K, capacity 68292K, committed 68376K, reserved 1107968K
  class space    used 8788K, capacity 9225K, committed 9256K, reserved 1048576K
Event: 23.403 GC heap after
Heap after GC invocations=14 (full 3):
 PSYoungGen      total 174592K, used 17569K [0x00000000e0000000, 0x00000000ed000000, 0x0000000100000000)
  eden space 155648K, 0% used [0x00000000e0000000,0x00000000e0000000,0x00000000e9800000)
  from space 18944K, 92% used [0x00000000e9800000,0x00000000ea928540,0x00000000eaa80000)
  to   space 20480K, 0% used [0x00000000ebc00000,0x00000000ebc00000,0x00000000ed000000)
 ParOldGen       total 255488K, used 29993K [0x00000000a0000000, 0x00000000af980000, 0x00000000e0000000)
  object space 255488K, 11% used [0x00000000a0000000,0x00000000a1d4a748,0x00000000af980000)
 Metaspace       used 66303K, capacity 68292K, committed 68376K, reserved 1107968K
  class space    used 8788K, capacity 9225K, committed 9256K, reserved 1048576K
}
Event: 30.707 GC heap before
{Heap before GC invocations=15 (full 3):
 PSYoungGen      total 174592K, used 173217K [0x00000000e0000000, 0x00000000ed000000, 0x0000000100000000)
  eden space 155648K, 100% used [0x00000000e0000000,0x00000000e9800000,0x00000000e9800000)
  from space 18944K, 92% used [0x00000000e9800000,0x00000000ea928540,0x00000000eaa80000)
  to   space 20480K, 0% used [0x00000000ebc00000,0x00000000ebc00000,0x00000000ed000000)
 ParOldGen       total 255488K, used 29993K [0x00000000a0000000, 0x00000000af980000, 0x00000000e0000000)
  object space 255488K, 11% used [0x00000000a0000000,0x00000000a1d4a748,0x00000000af980000)
 Metaspace       used 74528K, capacity 77350K, committed 77464K, reserved 1116160K
  class space    used 10059K, capacity 10640K, committed 10664K, reserved 1048576K
Event: 30.729 GC heap after
Heap after GC invocations=15 (full 3):
 PSYoungGen      total 187392K, used 20478K [0x00000000e0000000, 0x00000000ed980000, 0x0000000100000000)
  eden space 166912K, 0% used [0x00000000e0000000,0x00000000e0000000,0x00000000ea300000)
  from space 20480K, 99% used [0x00000000ebc00000,0x00000000ecfff870,0x00000000ed000000)
  to   space 25600K, 0% used [0x00000000ea300000,0x00000000ea300000,0x00000000ebc00000)
 ParOldGen       total 255488K, used 37688K [0x00000000a0000000, 0x00000000af980000, 0x00000000e0000000)
  object space 255488K, 14% used [0x00000000a0000000,0x00000000a24ce0c0,0x00000000af980000)
 Metaspace       used 74528K, capacity 77350K, committed 77464K, reserved 1116160K
  class space    used 10059K, capacity 10640K, committed 10664K, reserved 1048576K
}

