# JRE version: OpenJDK Runtime Environment (8.0_202-b03) (build 1.8.0_202-release-1483-b03)
# Java VM: OpenJDK 64-Bit Server VM (25.202-b03 mixed mode windows-amd64 compressed oops)
Heap:
 PSYoungGen      total 205824K, used 113240K [0x00000000e0000000, 0x00000000ef800000, 0x0000000100000000)
  eden space 184320K, 49% used [0x00000000e0000000,0x00000000e59b4f68,0x00000000eb400000)
  from space 21504K, 99% used [0x00000000eb880000,0x00000000ecd61490,0x00000000ecd80000)
  to   space 34816K, 0% used [0x00000000ed600000,0x00000000ed600000,0x00000000ef800000)
 ParOldGen       total 224768K, used 63448K [0x00000000a0000000, 0x00000000adb80000, 0x00000000e0000000)
  object space 224768K, 28% used [0x00000000a0000000,0x00000000a3df6258,0x00000000adb80000)
 Metaspace       used 80033K, capacity 83694K, committed 83928K, reserved 1122304K
  class space    used 10277K, capacity 10969K, committed 11008K, reserved 1048576K
GC Heap History (10 events):
Event: 2565.948 GC heap before
{Heap before GC invocations=16 (full 3):
 PSYoungGen      total 231936K, used 224116K [0x00000000e0000000, 0x00000000f0280000, 0x0000000100000000)
  eden space 208384K, 100% used [0x00000000e0000000,0x00000000ecb80000,0x00000000ecb80000)
  from space 23552K, 66% used [0x00000000ee280000,0x00000000ef1dd180,0x00000000ef980000)
  to   space 23552K, 0% used [0x00000000ecb80000,0x00000000ecb80000,0x00000000ee280000)
 ParOldGen       total 224768K, used 44618K [0x00000000a0000000, 0x00000000adb80000, 0x00000000e0000000)
  object space 224768K, 19% used [0x00000000a0000000,0x00000000a2b929a8,0x00000000adb80000)
 Metaspace       used 76256K, capacity 79420K, committed 79448K, reserved 1118208K
  class space    used 9955K, capacity 10600K, committed 10624K, reserved 1048576K
Event: 2565.974 GC heap after
Heap after GC invocations=16 (full 3):
 PSYoungGen      total 224256K, used 20752K [0x00000000e0000000, 0x00000000ef780000, 0x0000000100000000)
  eden space 203264K, 0% used [0x00000000e0000000,0x00000000e0000000,0x00000000ec680000)
  from space 20992K, 98% used [0x00000000ecb80000,0x00000000edfc4080,0x00000000ee000000)
  to   space 24064K, 0% used [0x00000000ee000000,0x00000000ee000000,0x00000000ef780000)
 ParOldGen       total 224768K, used 44626K [0x00000000a0000000, 0x00000000adb80000, 0x00000000e0000000)
  object space 224768K, 19% used [0x00000000a0000000,0x00000000a2b949a8,0x00000000adb80000)
 Metaspace       used 76256K, capacity 79420K, committed 79448K, reserved 1118208K
  class space    used 9955K, capacity 10600K, committed 10624K, reserved 1048576K
}
Event: 2675.728 GC heap before
{Heap before GC invocations=17 (full 3):
 PSYoungGen      total 224256K, used 224016K [0x00000000e0000000, 0x00000000ef780000, 0x0000000100000000)
  eden space 203264K, 100% used [0x00000000e0000000,0x00000000ec680000,0x00000000ec680000)
  from space 20992K, 98% used [0x00000000ecb80000,0x00000000edfc4080,0x00000000ee000000)
  to   space 24064K, 0% used [0x00000000ee000000,0x00000000ee000000,0x00000000ef780000)
 ParOldGen       total 224768K, used 44626K [0x00000000a0000000, 0x00000000adb80000, 0x00000000e0000000)
  object space 224768K, 19% used [0x00000000a0000000,0x00000000a2b949a8,0x00000000adb80000)
 Metaspace       used 77676K, capacity 81000K, committed 81112K, reserved 1120256K
  class space    used 10103K, capacity 10724K, committed 10752K, reserved 1048576K
Event: 2675.750 GC heap after
Heap after GC invocations=17 (full 3):
 PSYoungGen      total 222208K, used 24032K [0x00000000e0000000, 0x00000000ef880000, 0x0000000100000000)
  eden space 198144K, 0% used [0x00000000e0000000,0x00000000e0000000,0x00000000ec180000)
  from space 24064K, 99% used [0x00000000ee000000,0x00000000ef7780c0,0x00000000ef780000)
  to   space 28160K, 0% used [0x00000000ec180000,0x00000000ec180000,0x00000000edd00000)
 ParOldGen       total 224768K, used 45784K [0x00000000a0000000, 0x00000000adb80000, 0x00000000e0000000)
  object space 224768K, 20% used [0x00000000a0000000,0x00000000a2cb61e0,0x00000000adb80000)
 Metaspace       used 77676K, capacity 81000K, committed 81112K, reserved 1120256K
  class space    used 10103K, capacity 10724K, committed 10752K, reserved 1048576K
}
Event: 2694.532 GC heap before
{Heap before GC invocations=18 (full 3):
 PSYoungGen      total 222208K, used 221746K [0x00000000e0000000, 0x00000000ef880000, 0x0000000100000000)
  eden space 198144K, 99% used [0x00000000e0000000,0x00000000ec114930,0x00000000ec180000)
  from space 24064K, 99% used [0x00000000ee000000,0x00000000ef7780c0,0x00000000ef780000)
  to   space 28160K, 0% used [0x00000000ec180000,0x00000000ec180000,0x00000000edd00000)
 ParOldGen       total 224768K, used 45784K [0x00000000a0000000, 0x00000000adb80000, 0x00000000e0000000)
  object space 224768K, 20% used [0x00000000a0000000,0x00000000a2cb61e0,0x00000000adb80000)
 Metaspace       used 77903K, capacity 81260K, committed 81496K, reserved 1120256K
  class space    used 10126K, capacity 10756K, committed 10880K, reserved 1048576K
Event: 2694.559 GC heap after
Heap after GC invocations=18 (full 3):
 PSYoungGen      total 221696K, used 28148K [0x00000000e0000000, 0x00000000f0200000, 0x0000000100000000)
  eden space 193536K, 0% used [0x00000000e0000000,0x00000000e0000000,0x00000000ebd00000)
  from space 28160K, 99% used [0x00000000ec180000,0x00000000edcfd090,0x00000000edd00000)
  to   space 35328K, 0% used [0x00000000edf80000,0x00000000edf80000,0x00000000f0200000)
 ParOldGen       total 224768K, used 55828K [0x00000000a0000000, 0x00000000adb80000, 0x00000000e0000000)
  object space 224768K, 24% used [0x00000000a0000000,0x00000000a3685070,0x00000000adb80000)
 Metaspace       used 77903K, capacity 81260K, committed 81496K, reserved 1120256K
  class space    used 10126K, capacity 10756K, committed 10880K, reserved 1048576K
}
Event: 2711.936 GC heap before
{Heap before GC invocations=19 (full 3):
 PSYoungGen      total 221696K, used 221684K [0x00000000e0000000, 0x00000000f0200000, 0x0000000100000000)
  eden space 193536K, 100% used [0x00000000e0000000,0x00000000ebd00000,0x00000000ebd00000)
  from space 28160K, 99% used [0x00000000ec180000,0x00000000edcfd090,0x00000000edd00000)
  to   space 35328K, 0% used [0x00000000edf80000,0x00000000edf80000,0x00000000f0200000)
 ParOldGen       total 224768K, used 55828K [0x00000000a0000000, 0x00000000adb80000, 0x00000000e0000000)
  object space 224768K, 24% used [0x00000000a0000000,0x00000000a3685070,0x00000000adb80000)
 Metaspace       used 78032K, capacity 81418K, committed 81752K, reserved 1120256K
  class space    used 10128K, capacity 10761K, committed 10880K, reserved 1048576K
Event: 2711.955 GC heap after
Heap after GC invocations=19 (full 3):
 PSYoungGen      total 218624K, used 20752K [0x00000000e0000000, 0x00000000efc80000, 0x0000000100000000)
  eden space 188928K, 0% used [0x00000000e0000000,0x00000000e0000000,0x00000000eb880000)
  from space 29696K, 69% used [0x00000000edf80000,0x00000000ef3c4060,0x00000000efc80000)
  to   space 34816K, 0% used [0x00000000eb880000,0x00000000eb880000,0x00000000eda80000)
 ParOldGen       total 224768K, used 63440K [0x00000000a0000000, 0x00000000adb80000, 0x00000000e0000000)
  object space 224768K, 28% used [0x00000000a0000000,0x00000000a3df4258,0x00000000adb80000)
 Metaspace       used 78032K, capacity 81418K, committed 81752K, reserved 1120256K
  class space    used 10128K, capacity 10761K, committed 10880K, reserved 1048576K
}
Event: 2729.819 GC heap before
{Heap before GC invocations=20 (full 3):
 PSYoungGen      total 218624K, used 209680K [0x00000000e0000000, 0x00000000efc80000, 0x0000000100000000)
  eden space 188928K, 100% used [0x00000000e0000000,0x00000000eb880000,0x00000000eb880000)
  from space 29696K, 69% used [0x00000000edf80000,0x00000000ef3c4060,0x00000000efc80000)
  to   space 34816K, 0% used [0x00000000eb880000,0x00000000eb880000,0x00000000eda80000)
 ParOldGen       total 224768K, used 63440K [0x00000000a0000000, 0x00000000adb80000, 0x00000000e0000000)
  object space 224768K, 28% used [0x00000000a0000000,0x00000000a3df4258,0x00000000adb80000)
 Metaspace       used 78723K, capacity 82382K, committed 82520K, reserved 1120256K
  class space    used 10208K, capacity 10873K, committed 10880K, reserved 1048576K
Event: 2729.839 GC heap after
Heap after GC invocations=20 (full 3):
 PSYoungGen      total 205824K, used 21381K [0x00000000e0000000, 0x00000000ef800000, 0x0000000100000000)
  eden space 184320K, 0% used [0x00000000e0000000,0x00000000e0000000,0x00000000eb400000)
  from space 21504K, 99% used [0x00000000eb880000,0x00000000ecd61490,0x00000000ecd80000)
  to   space 34816K, 0% used [0x00000000ed600000,0x00000000ed600000,0x00000000ef800000)
 ParOldGen       total 224768K, used 63448K [0x00000000a0000000, 0x00000000adb80000, 0x00000000e0000000)
  object space 224768K, 28% used [0x00000000a0000000,0x00000000a3df6258,0x00000000adb80000)
 Metaspace       used 78723K, capacity 82382K, committed 82520K, reserved 1120256K
  class space    used 10208K, capacity 10873K, committed 10880K, reserved 1048576K
}

